2021-06-16 16:15:53,722 ERROR 35036 [-/::1/-/7ms GET /] nodejs.Error: Please set config.keys first
    at Application.get keys [as keys] (E:\webDemo\vue3学习\egg-server\node_modules\egg\lib\application.js:266:15)
    at Object.get cookies [as cookies] (E:\webDemo\vue3学习\egg-server\node_modules\egg\app\extend\context.js:22:66)
    at Object.get [egg-security#CSRF_SECRET] (E:\webDemo\vue3学习\egg-server\node_modules\egg-security\app\extend\context.js:91:35)
    at Object.ensureCsrfSecret (E:\webDemo\vue3学习\egg-server\node_modules\egg-security\app\extend\context.js:104:13)
    at csrf (E:\webDemo\vue3学习\egg-server\node_modules\egg-security\lib\middlewares\csrf.js:15:11)
    at dispatch (E:\webDemo\vue3学习\egg-server\node_modules\egg-security\node_modules\koa-compose\index.js:42:32)
    at E:\webDemo\vue3学习\egg-server\node_modules\egg-security\node_modules\koa-compose\index.js:34:12
    at dispatch (E:\webDemo\vue3学习\egg-server\node_modules\koa\node_modules\koa-compose\index.js:42:32)
    at session (E:\webDemo\vue3学习\egg-server\node_modules\koa-session\index.js:41:13)
    at dispatch (E:\webDemo\vue3学习\egg-server\node_modules\koa\node_modules\koa-compose\index.js:42:32)

pid: 35036
hostname: v_mjvzhang-NB4

2021-06-16 16:18:37,785 ERROR 35036 [-/::1/-/0ms GET /] nodejs.Error: Please set config.keys first
    at Application.get keys [as keys] (E:\webDemo\vue3学习\egg-server\node_modules\egg\lib\application.js:266:15)
    at Object.get cookies [as cookies] (E:\webDemo\vue3学习\egg-server\node_modules\egg\app\extend\context.js:22:66)
    at Object.get [egg-security#CSRF_SECRET] (E:\webDemo\vue3学习\egg-server\node_modules\egg-security\app\extend\context.js:91:35)
    at Object.ensureCsrfSecret (E:\webDemo\vue3学习\egg-server\node_modules\egg-security\app\extend\context.js:104:13)
    at csrf (E:\webDemo\vue3学习\egg-server\node_modules\egg-security\lib\middlewares\csrf.js:15:11)
    at dispatch (E:\webDemo\vue3学习\egg-server\node_modules\egg-security\node_modules\koa-compose\index.js:42:32)
    at E:\webDemo\vue3学习\egg-server\node_modules\egg-security\node_modules\koa-compose\index.js:34:12
    at dispatch (E:\webDemo\vue3学习\egg-server\node_modules\koa\node_modules\koa-compose\index.js:42:32)
    at session (E:\webDemo\vue3学习\egg-server\node_modules\koa-session\index.js:41:13)
    at dispatch (E:\webDemo\vue3学习\egg-server\node_modules\koa\node_modules\koa-compose\index.js:42:32)

pid: 35036
hostname: v_mjvzhang-NB4

2021-06-16 16:18:40,603 ERROR 35036 [-/::1/-/0ms GET /] nodejs.Error: Please set config.keys first
    at Application.get keys [as keys] (E:\webDemo\vue3学习\egg-server\node_modules\egg\lib\application.js:266:15)
    at Object.get cookies [as cookies] (E:\webDemo\vue3学习\egg-server\node_modules\egg\app\extend\context.js:22:66)
    at Object.get [egg-security#CSRF_SECRET] (E:\webDemo\vue3学习\egg-server\node_modules\egg-security\app\extend\context.js:91:35)
    at Object.ensureCsrfSecret (E:\webDemo\vue3学习\egg-server\node_modules\egg-security\app\extend\context.js:104:13)
    at csrf (E:\webDemo\vue3学习\egg-server\node_modules\egg-security\lib\middlewares\csrf.js:15:11)
    at dispatch (E:\webDemo\vue3学习\egg-server\node_modules\egg-security\node_modules\koa-compose\index.js:42:32)
    at E:\webDemo\vue3学习\egg-server\node_modules\egg-security\node_modules\koa-compose\index.js:34:12
    at dispatch (E:\webDemo\vue3学习\egg-server\node_modules\koa\node_modules\koa-compose\index.js:42:32)
    at session (E:\webDemo\vue3学习\egg-server\node_modules\koa-session\index.js:41:13)
    at dispatch (E:\webDemo\vue3学习\egg-server\node_modules\koa\node_modules\koa-compose\index.js:42:32)

pid: 35036
hostname: v_mjvzhang-NB4

2021-06-16 16:18:42,372 ERROR 35036 [-/::1/-/0ms GET /] nodejs.Error: Please set config.keys first
    at Application.get keys [as keys] (E:\webDemo\vue3学习\egg-server\node_modules\egg\lib\application.js:266:15)
    at Object.get cookies [as cookies] (E:\webDemo\vue3学习\egg-server\node_modules\egg\app\extend\context.js:22:66)
    at Object.get [egg-security#CSRF_SECRET] (E:\webDemo\vue3学习\egg-server\node_modules\egg-security\app\extend\context.js:91:35)
    at Object.ensureCsrfSecret (E:\webDemo\vue3学习\egg-server\node_modules\egg-security\app\extend\context.js:104:13)
    at csrf (E:\webDemo\vue3学习\egg-server\node_modules\egg-security\lib\middlewares\csrf.js:15:11)
    at dispatch (E:\webDemo\vue3学习\egg-server\node_modules\egg-security\node_modules\koa-compose\index.js:42:32)
    at E:\webDemo\vue3学习\egg-server\node_modules\egg-security\node_modules\koa-compose\index.js:34:12
    at dispatch (E:\webDemo\vue3学习\egg-server\node_modules\koa\node_modules\koa-compose\index.js:42:32)
    at session (E:\webDemo\vue3学习\egg-server\node_modules\koa-session\index.js:41:13)
    at dispatch (E:\webDemo\vue3学习\egg-server\node_modules\koa\node_modules\koa-compose\index.js:42:32)

pid: 35036
hostname: v_mjvzhang-NB4

2021-06-21 20:45:10,074 ERROR 35992 [-/127.0.0.1/-/10ms GET /] nodejs.TypeError: Cannot read property 'index' of undefined
    at testController.testProxy (E:\webDemo\vue3_egg\egg-server\app\controller\test\index.js:13:35)
    at Object.callFn (E:\webDemo\vue3_egg\egg-server\node_modules\egg-core\lib\utils\index.js:44:21)
    at Object.classControllerMiddleware (E:\webDemo\vue3_egg\egg-server\node_modules\egg-core\lib\loader\mixin\controller.js:87:20)
    at Object.callFn (E:\webDemo\vue3_egg\egg-server\node_modules\@eggjs\router\lib\utils.js:12:21)
    at wrappedController (E:\webDemo\vue3_egg\egg-server\node_modules\@eggjs\router\lib\egg_router.js:322:18)
    at dispatch (E:\webDemo\vue3_egg\egg-server\node_modules\koa-compose\index.js:44:32)
    at next (E:\webDemo\vue3_egg\egg-server\node_modules\koa-compose\index.js:45:18)
    at E:\webDemo\vue3_egg\egg-server\node_modules\@eggjs\router\lib\router.js:190:18
    at dispatch (E:\webDemo\vue3_egg\egg-server\node_modules\koa-compose\index.js:44:32)
    at E:\webDemo\vue3_egg\egg-server\node_modules\koa-compose\index.js:36:12

pid: 35992
hostname: v_mjvzhang-NB4

