2021-08-08 09:50:22,813 INFO 31832 [Timer] E:\webDemo\vue3_egg\egg-server\node_modules\egg-multipart\app\schedule\clean_tmpdir.js next time will execute after 67177193ms at 2021-08-09 04:30:00.006
2021-08-08 09:50:22,809 INFO 16236 [Job#162838742122932560787431397992] E:\webDemo\vue3_egg\egg-server\node_modules\egg-multipart\app\schedule\clean_tmpdir.js executing by app
2021-08-08 09:50:22,842 INFO 16236 [Job#162838742122932560787431397992] E:\webDemo\vue3_egg\egg-server\node_modules\egg-multipart\app\schedule\clean_tmpdir.js execute succeed, used 33ms. 
2021-08-09 14:51:16,565 INFO 11748 [Timer] E:\webDemo\vue3_egg\egg-server\node_modules\egg-multipart\app\schedule\clean_tmpdir.js next time will execute after 49123437ms at 2021-08-10 04:30:00.002
2021-08-09 14:51:16,566 INFO 11748 [Timer] E:\webDemo\vue3_egg\egg-server\node_modules\egg-logrotator\app\schedule\clean_log.js next time will execute after 32923434ms at 2021-08-10 00:00:00.000
2021-08-09 14:51:16,566 INFO 11748 [Timer] E:\webDemo\vue3_egg\egg-server\node_modules\egg-logrotator\app\schedule\rotate_by_file.js next time will execute after 32924434ms at 2021-08-10 00:00:01.000
2021-08-09 14:51:16,428 INFO 15932 [egg-schedule]: register schedule E:\webDemo\vue3_egg\egg-server\node_modules\egg-multipart\app\schedule\clean_tmpdir.js
2021-08-09 14:51:16,428 INFO 15932 [egg-schedule]: register schedule E:\webDemo\vue3_egg\egg-server\node_modules\egg-logrotator\app\schedule\clean_log.js
2021-08-09 14:51:16,428 INFO 15932 [egg-schedule]: register schedule E:\webDemo\vue3_egg\egg-server\node_modules\egg-logrotator\app\schedule\rotate_by_file.js
2021-08-09 15:16:02,566 INFO 9456 [Timer] E:\webDemo\vue3_egg\egg-server\node_modules\egg-multipart\app\schedule\clean_tmpdir.js next time will execute after 47637436ms at 2021-08-10 04:30:00.002
2021-08-09 15:16:02,566 INFO 9456 [Timer] E:\webDemo\vue3_egg\egg-server\node_modules\egg-logrotator\app\schedule\clean_log.js next time will execute after 31437434ms at 2021-08-10 00:00:00.000
2021-08-09 15:16:02,567 INFO 9456 [Timer] E:\webDemo\vue3_egg\egg-server\node_modules\egg-logrotator\app\schedule\rotate_by_file.js next time will execute after 31438434ms at 2021-08-10 00:00:01.001
2021-08-09 15:16:02,425 INFO 5020 [egg-schedule]: register schedule E:\webDemo\vue3_egg\egg-server\node_modules\egg-multipart\app\schedule\clean_tmpdir.js
2021-08-09 15:16:02,425 INFO 5020 [egg-schedule]: register schedule E:\webDemo\vue3_egg\egg-server\node_modules\egg-logrotator\app\schedule\clean_log.js
2021-08-09 15:16:02,425 INFO 5020 [egg-schedule]: register schedule E:\webDemo\vue3_egg\egg-server\node_modules\egg-logrotator\app\schedule\rotate_by_file.js
2021-08-10 14:23:12,704 INFO 28612 [Timer] E:\webDemo\vue3_egg\egg-server\node_modules\egg-multipart\app\schedule\clean_tmpdir.js next time will execute after 50807298ms at 2021-08-11 04:30:00.002
2021-08-10 14:23:12,704 INFO 28612 [Timer] E:\webDemo\vue3_egg\egg-server\node_modules\egg-logrotator\app\schedule\clean_log.js next time will execute after 34607296ms at 2021-08-11 00:00:00.000
2021-08-10 14:23:12,705 INFO 28612 [Timer] E:\webDemo\vue3_egg\egg-server\node_modules\egg-logrotator\app\schedule\rotate_by_file.js next time will execute after 34608296ms at 2021-08-11 00:00:01.001
2021-08-10 14:23:12,567 INFO 26156 [egg-schedule]: register schedule E:\webDemo\vue3_egg\egg-server\node_modules\egg-multipart\app\schedule\clean_tmpdir.js
2021-08-10 14:23:12,567 INFO 26156 [egg-schedule]: register schedule E:\webDemo\vue3_egg\egg-server\node_modules\egg-logrotator\app\schedule\clean_log.js
2021-08-10 14:23:12,567 INFO 26156 [egg-schedule]: register schedule E:\webDemo\vue3_egg\egg-server\node_modules\egg-logrotator\app\schedule\rotate_by_file.js
